<?xml version="1.0" encoding="UTF-8"?>
<!-- Generated by org.testng.reporters.JUnitXMLReporter -->
<testsuite hostname="DESKTOP-KQ4CTSR" ignored="7" name="Default test" tests="1" failures="0" timestamp="2020-10-10T10:45:40 IST" time="14.537" errors="0">
  <testcase name="doDatePicker" time="3.691" classname="com.test.FirstTest"/>
  <testcase name="doUserRegister" time="0.0" classname="com.test.FirstTest">
    <ignored/>
  </testcase> <!-- doUserRegister -->
  <testcase name="doFrames" time="0.0" classname="com.test.FirstTest">
    <ignored/>
  </testcase> <!-- doFrames -->
  <testcase name="doSelectable" time="0.0" classname="com.test.FirstTest">
    <ignored/>
  </testcase> <!-- doSelectable -->
  <testcase name="doWindowsHandle" time="0.0" classname="com.test.FirstTest">
    <ignored/>
  </testcase> <!-- doWindowsHandle -->
  <testcase name="doAlerts" time="0.0" classname="com.test.FirstTest">
    <ignored/>
  </testcase> <!-- doAlerts -->
  <testcase name="DoGilLogau" time="0.0" classname="com.test.FirstTest">
    <ignored/>
  </testcase> <!-- DoGilLogau -->
  <testcase name="DoGilLogin" time="0.0" classname="com.test.FirstTest">
    <ignored/>
  </testcase> <!-- DoGilLogin -->
</testsuite> <!-- Default test -->
