<?xml version="1.0" encoding="UTF-8"?>
<testng-results skipped="0" failed="0" ignored="7" total="8" passed="1">
  <reporter-output>
  </reporter-output>
  <suite name="Default suite" duration-ms="14537" started-at="2020-10-10T10:45:26 IST" finished-at="2020-10-10T10:45:40 IST">
    <groups>
    </groups>
    <test name="Default test" duration-ms="14537" started-at="2020-10-10T10:45:26 IST" finished-at="2020-10-10T10:45:40 IST">
      <class name="com.test.FirstTest">
        <test-method status="PASS" signature="beforeClass()[pri:0, instance:com.test.FirstTest@14cd1699]" name="beforeClass" is-config="true" duration-ms="111" started-at="2020-10-10T10:45:26 IST" finished-at="2020-10-10T10:45:26 IST">
          <reporter-output>
          </reporter-output>
        </test-method> <!-- beforeClass -->
        <test-method status="PASS" signature="launchChrome()[pri:0, instance:com.test.FirstTest@14cd1699]" name="launchChrome" is-config="true" duration-ms="10464" started-at="2020-10-10T10:45:26 IST" finished-at="2020-10-10T10:45:36 IST">
          <reporter-output>
          </reporter-output>
        </test-method> <!-- launchChrome -->
        <test-method status="PASS" signature="doDatePicker()[pri:0, instance:com.test.FirstTest@14cd1699]" name="doDatePicker" duration-ms="3691" started-at="2020-10-10T10:45:36 IST" finished-at="2020-10-10T10:45:40 IST">
          <reporter-output>
          </reporter-output>
        </test-method> <!-- doDatePicker -->
        <test-method status="PASS" signature="closeChrome()[pri:0, instance:com.test.FirstTest@14cd1699]" name="closeChrome" is-config="true" duration-ms="229" started-at="2020-10-10T10:45:40 IST" finished-at="2020-10-10T10:45:40 IST">
          <reporter-output>
          </reporter-output>
        </test-method> <!-- closeChrome -->
      </class> <!-- com.test.FirstTest -->
    </test> <!-- Default test -->
  </suite> <!-- Default suite -->
</testng-results>
