<?xml version="1.0" encoding="UTF-8"?>
<testng-results ignored="0" total="1" passed="1" failed="0" skipped="0">
  <reporter-output>
  </reporter-output>
  <suite started-at="2020-10-27T17:33:18 IST" name="Default suite" finished-at="2020-10-27T17:33:43 IST" duration-ms="25263">
    <groups>
    </groups>
    <test started-at="2020-10-27T17:33:18 IST" name="Default test" finished-at="2020-10-27T17:33:43 IST" duration-ms="25263">
      <class name="org.totalqa.tests.RegistrationTest">
        <test-method is-config="true" signature="setup()[pri:0, instance:org.totalqa.tests.RegistrationTest@cad498c]" started-at="2020-10-27T17:33:18 IST" name="setup" finished-at="2020-10-27T17:33:29 IST" duration-ms="10553" status="PASS">
          <reporter-output>
          </reporter-output>
        </test-method> <!-- setup -->
        <test-method signature="test()[pri:0, instance:org.totalqa.tests.RegistrationTest@cad498c]" started-at="2020-10-27T17:33:29 IST" name="test" finished-at="2020-10-27T17:33:43 IST" duration-ms="14679" status="PASS">
          <reporter-output>
          </reporter-output>
        </test-method> <!-- test -->
        <test-method is-config="true" signature="teardown()[pri:0, instance:org.totalqa.tests.RegistrationTest@cad498c]" started-at="2020-10-27T17:33:43 IST" name="teardown" finished-at="2020-10-27T17:33:43 IST" duration-ms="0" status="PASS">
          <reporter-output>
          </reporter-output>
        </test-method> <!-- teardown -->
      </class> <!-- org.totalqa.tests.RegistrationTest -->
    </test> <!-- Default test -->
  </suite> <!-- Default suite -->
</testng-results>
