<?xml version="1.0" encoding="UTF-8"?>
<!-- Generated by org.testng.reporters.JUnitXMLReporter -->
<testsuite ignored="7" hostname="DESKTOP-KQ4CTSR" failures="1" tests="1" name="Default test" time="44.754" errors="0" timestamp="2020-10-12T14:40:00 IST">
  <testcase classname="com.test.FirstTest" name="doDatePicker" time="0.016">
    <failure type="java.lang.NullPointerException" message="Cannot invoke &amp;quot;com.aventstack.extentreports.ExtentReports.createTest(String)&amp;quot; because &amp;quot;com.test.ExtentManager.extent&amp;quot; is null">
      <![CDATA[java.lang.NullPointerException: Cannot invoke "com.aventstack.extentreports.ExtentReports.createTest(String)" because "com.test.ExtentManager.extent" is null
at com.test.FirstTest.doDatePicker(FirstTest.java:146)
at java.base/jdk.internal.reflect.NativeMethodAccessorImpl.invoke0(Native Method)
at java.base/jdk.internal.reflect.NativeMethodAccessorImpl.invoke(NativeMethodAccessorImpl.java:62)
at java.base/jdk.internal.reflect.DelegatingMethodAccessorImpl.invoke(DelegatingMethodAccessorImpl.java:43)
at java.base/java.lang.reflect.Method.invoke(Method.java:564)
at org.testng.internal.MethodInvocationHelper.invokeMethod(MethodInvocationHelper.java:132)
at org.testng.internal.TestInvoker.invokeMethod(TestInvoker.java:599)
at org.testng.internal.TestInvoker.invokeTestMethod(TestInvoker.java:174)
at org.testng.internal.MethodRunner.runInSequence(MethodRunner.java:46)
at org.testng.internal.TestInvoker$MethodInvocationAgent.invoke(TestInvoker.java:822)
at org.testng.internal.TestInvoker.invokeTestMethods(TestInvoker.java:147)
at org.testng.internal.TestMethodWorker.invokeTestMethods(TestMethodWorker.java:146)
at org.testng.internal.TestMethodWorker.run(TestMethodWorker.java:128)
at java.base/java.util.ArrayList.forEach(ArrayList.java:1511)
at org.testng.TestRunner.privateRun(TestRunner.java:764)
at org.testng.TestRunner.run(TestRunner.java:585)
at org.testng.SuiteRunner.runTest(SuiteRunner.java:384)
at org.testng.SuiteRunner.runSequentially(SuiteRunner.java:378)
at org.testng.SuiteRunner.privateRun(SuiteRunner.java:337)
at org.testng.SuiteRunner.run(SuiteRunner.java:286)
at org.testng.SuiteRunnerWorker.runSuite(SuiteRunnerWorker.java:53)
at org.testng.SuiteRunnerWorker.run(SuiteRunnerWorker.java:96)
at org.testng.TestNG.runSuitesSequentially(TestNG.java:1218)
at org.testng.TestNG.runSuitesLocally(TestNG.java:1140)
at org.testng.TestNG.runSuites(TestNG.java:1069)
at org.testng.TestNG.run(TestNG.java:1037)
at org.testng.remote.AbstractRemoteTestNG.run(AbstractRemoteTestNG.java:115)
at org.testng.remote.RemoteTestNG.initAndRun(RemoteTestNG.java:251)
at org.testng.remote.RemoteTestNG.main(RemoteTestNG.java:77)
]]>
    </failure>
  </testcase> <!-- doDatePicker -->
  <testcase classname="com.test.FirstTest" name="doUserRegister" time="0.0">
    <ignored/>
  </testcase> <!-- doUserRegister -->
  <testcase classname="com.test.FirstTest" name="doFrames" time="0.0">
    <ignored/>
  </testcase> <!-- doFrames -->
  <testcase classname="com.test.FirstTest" name="doSelectable" time="0.0">
    <ignored/>
  </testcase> <!-- doSelectable -->
  <testcase classname="com.test.FirstTest" name="doWindowsHandle" time="0.0">
    <ignored/>
  </testcase> <!-- doWindowsHandle -->
  <testcase classname="com.test.FirstTest" name="doAlerts" time="0.0">
    <ignored/>
  </testcase> <!-- doAlerts -->
  <testcase classname="com.test.FirstTest" name="DoGilLogau" time="0.0">
    <ignored/>
  </testcase> <!-- DoGilLogau -->
  <testcase classname="com.test.FirstTest" name="DoGilLogin" time="0.0">
    <ignored/>
  </testcase> <!-- DoGilLogin -->
</testsuite> <!-- Default test -->
