<?xml version="1.0" encoding="UTF-8"?>
<testng-results ignored="0" total="2" passed="2" failed="0" skipped="0">
  <reporter-output>
  </reporter-output>
  <suite started-at="2020-10-22T23:28:15 IST" name="Default suite" finished-at="2020-10-22T23:29:32 IST" duration-ms="76690">
    <groups>
    </groups>
    <test started-at="2020-10-22T23:28:15 IST" name="Default test" finished-at="2020-10-22T23:29:32 IST" duration-ms="76690">
      <class name="org.totalqa.test.Registertest">
        <test-method is-config="true" signature="setup()[pri:0, instance:org.totalqa.test.Registertest@1e6454ec]" started-at="2020-10-22T23:28:15 IST" name="setup" finished-at="2020-10-22T23:28:26 IST" duration-ms="10578" status="PASS">
          <reporter-output>
          </reporter-output>
        </test-method> <!-- setup -->
        <test-method signature="doRegistration()[pri:0, instance:org.totalqa.test.Registertest@1e6454ec]" started-at="2020-10-22T23:28:26 IST" name="doRegistration" finished-at="2020-10-22T23:28:50 IST" duration-ms="24530" status="PASS">
          <reporter-output>
          </reporter-output>
        </test-method> <!-- doRegistration -->
        <test-method is-config="true" signature="teardown()[pri:0, instance:org.totalqa.test.Registertest@1e6454ec]" started-at="2020-10-22T23:28:50 IST" name="teardown" finished-at="2020-10-22T23:28:52 IST" duration-ms="2054" status="PASS">
          <reporter-output>
          </reporter-output>
        </test-method> <!-- teardown -->
        <test-method is-config="true" signature="setup()[pri:0, instance:org.totalqa.test.Registertest@1e6454ec]" started-at="2020-10-22T23:28:52 IST" name="setup" finished-at="2020-10-22T23:29:02 IST" duration-ms="9605" status="PASS">
          <reporter-output>
          </reporter-output>
        </test-method> <!-- setup -->
        <test-method signature="doComparison()[pri:1, instance:org.totalqa.test.Registertest@1e6454ec]" started-at="2020-10-22T23:29:02 IST" name="doComparison" finished-at="2020-10-22T23:29:30 IST" duration-ms="28060" status="PASS">
          <reporter-output>
          </reporter-output>
        </test-method> <!-- doComparison -->
        <test-method is-config="true" signature="teardown()[pri:0, instance:org.totalqa.test.Registertest@1e6454ec]" started-at="2020-10-22T23:29:30 IST" name="teardown" finished-at="2020-10-22T23:29:32 IST" duration-ms="1829" status="PASS">
          <reporter-output>
          </reporter-output>
        </test-method> <!-- teardown -->
      </class> <!-- org.totalqa.test.Registertest -->
    </test> <!-- Default test -->
  </suite> <!-- Default suite -->
</testng-results>
