<?xml version="1.0" encoding="UTF-8"?>
<!-- Generated by org.testng.reporters.JUnitXMLReporter -->
<testsuite ignored="7" hostname="DESKTOP-KQ4CTSR" failures="0" tests="1" name="Validates 1st case study" time="23.625" errors="0" timestamp="2020-10-12T17:19:36 IST">
  <testcase classname="com.test.FirstTest" name="doDatePicker" time="8.936"/>
  <testcase classname="com.test.FirstTest" name="doUserRegister" time="0.0">
    <ignored/>
  </testcase> <!-- doUserRegister -->
  <testcase classname="com.test.FirstTest" name="doFrames" time="0.0">
    <ignored/>
  </testcase> <!-- doFrames -->
  <testcase classname="com.test.FirstTest" name="doSelectable" time="0.0">
    <ignored/>
  </testcase> <!-- doSelectable -->
  <testcase classname="com.test.FirstTest" name="doWindowsHandle" time="0.0">
    <ignored/>
  </testcase> <!-- doWindowsHandle -->
  <testcase classname="com.test.FirstTest" name="doAlerts" time="0.0">
    <ignored/>
  </testcase> <!-- doAlerts -->
  <testcase classname="com.test.FirstTest" name="DoGilLogau" time="0.0">
    <ignored/>
  </testcase> <!-- DoGilLogau -->
  <testcase classname="com.test.FirstTest" name="DoGilLogin" time="0.0">
    <ignored/>
  </testcase> <!-- DoGilLogin -->
</testsuite> <!-- Validates 1st case study -->
