<?xml version="1.0" encoding="UTF-8"?>
<testng-results ignored="1" total="2" passed="1" failed="0" skipped="0">
  <reporter-output>
  </reporter-output>
  <suite started-at="2020-10-11T19:01:23 IST" name="Default suite" finished-at="2020-10-11T19:01:25 IST" duration-ms="2487">
    <groups>
    </groups>
    <test started-at="2020-10-11T19:01:23 IST" name="Default test" finished-at="2020-10-11T19:01:25 IST" duration-ms="2487">
      <class name="apiautomation.Post">
        <test-method is-config="true" signature="setup()[pri:0, instance:apiautomation.Post@74455848]" started-at="2020-10-11T19:01:23 IST" name="setup" finished-at="2020-10-11T19:01:24 IST" duration-ms="724" status="PASS">
          <reporter-output>
          </reporter-output>
        </test-method> <!-- setup -->
        <test-method signature="doPost()[pri:0, instance:apiautomation.Post@74455848]" started-at="2020-10-11T19:01:24 IST" name="doPost" finished-at="2020-10-11T19:01:25 IST" duration-ms="1727" status="PASS">
          <reporter-output>
          </reporter-output>
        </test-method> <!-- doPost -->
      </class> <!-- apiautomation.Post -->
    </test> <!-- Default test -->
  </suite> <!-- Default suite -->
</testng-results>
