<?xml version="1.0" encoding="UTF-8"?>
<testng-results ignored="0" total="1" passed="1" failed="0" skipped="0">
  <reporter-output>
  </reporter-output>
  <suite started-at="2020-10-15T22:52:49 IST" name="Default suite" finished-at="2020-10-15T22:52:50 IST" duration-ms="787">
    <groups>
    </groups>
    <test started-at="2020-10-15T22:52:49 IST" name="Default test" finished-at="2020-10-15T22:52:50 IST" duration-ms="787">
      <class name="testfunc.extest">
        <test-method signature="getexcel()[pri:0, instance:testfunc.extest@1bb266b3]" started-at="2020-10-15T22:52:49 IST" name="getexcel" finished-at="2020-10-15T22:52:50 IST" duration-ms="747" status="PASS">
          <reporter-output>
          </reporter-output>
        </test-method> <!-- getexcel -->
      </class> <!-- testfunc.extest -->
    </test> <!-- Default test -->
  </suite> <!-- Default suite -->
</testng-results>
